<?xml version="1.0" encoding="UTF-8"?>
<coverage generated="1763157118574" clover="3.2.0">
  <project timestamp="1763157118574" name="All files">
    <metrics statements="48" coveredstatements="41" conditionals="35" coveredconditionals="29" methods="19" coveredmethods="14" elements="102" coveredelements="84" complexity="0" loc="48" ncloc="48" packages="5" files="8" classes="8"/>
    <package name="src">
      <metrics statements="14" coveredstatements="13" conditionals="2" coveredconditionals="2" methods="7" coveredmethods="6"/>
      <file name="App.css" path="C:\Work\task\frontend-engineering-standard-arvxtq\src\App.css">
        <metrics statements="0" coveredstatements="0" conditionals="0" coveredconditionals="0" methods="0" coveredmethods="0"/>
      </file>
      <file name="App.tsx" path="C:\Work\task\frontend-engineering-standard-arvxtq\src\App.tsx">
        <metrics statements="14" coveredstatements="13" conditionals="2" coveredconditionals="2" methods="7" coveredmethods="6"/>
        <line num="11" count="1" type="stmt"/>
        <line num="12" count="1" type="stmt"/>
        <line num="15" count="33" type="stmt"/>
        <line num="16" count="33" type="stmt"/>
        <line num="17" count="33" type="stmt"/>
        <line num="18" count="33" type="stmt"/>
        <line num="20" count="1" type="stmt"/>
        <line num="23" count="33" type="stmt"/>
        <line num="24" count="2" type="cond" truecount="2" falsecount="0"/>
        <line num="26" count="33" type="stmt"/>
        <line num="27" count="4" type="stmt"/>
        <line num="29" count="33" type="stmt"/>
        <line num="38" count="16" type="stmt"/>
        <line num="58" count="0" type="stmt"/>
      </file>
    </package>
    <package name="src.components.Home">
      <metrics statements="19" coveredstatements="15" conditionals="15" coveredconditionals="15" methods="8" coveredmethods="5"/>
      <file name="Home.tsx" path="C:\Work\task\frontend-engineering-standard-arvxtq\src\components\Home\Home.tsx">
        <metrics statements="19" coveredstatements="15" conditionals="15" coveredconditionals="15" methods="8" coveredmethods="5"/>
        <line num="18" count="11" type="stmt"/>
        <line num="19" count="11" type="stmt"/>
        <line num="20" count="11" type="stmt"/>
        <line num="25" count="11" type="stmt"/>
        <line num="26" count="11" type="cond" truecount="2" falsecount="0"/>
        <line num="27" count="2" type="stmt"/>
        <line num="28" count="2" type="stmt"/>
        <line num="30" count="6" type="cond" truecount="2" falsecount="0"/>
        <line num="34" count="11" type="stmt"/>
        <line num="42" count="11" type="stmt"/>
        <line num="52" count="11" type="stmt"/>
        <line num="61" count="11" type="stmt"/>
        <line num="64" count="0" type="stmt"/>
        <line num="71" count="0" type="stmt"/>
        <line num="74" count="0" type="stmt"/>
        <line num="92" count="0" type="stmt"/>
        <line num="103" count="12" type="stmt"/>
        <line num="104" count="12" type="stmt"/>
        <line num="122" count="20" type="stmt"/>
      </file>
    </package>
    <package name="src.components.ImageCard">
      <metrics statements="4" coveredstatements="4" conditionals="0" coveredconditionals="0" methods="2" coveredmethods="2"/>
      <file name="ImageCard.tsx" path="C:\Work\task\frontend-engineering-standard-arvxtq\src\components\ImageCard\ImageCard.tsx">
        <metrics statements="4" coveredstatements="4" conditionals="0" coveredconditionals="0" methods="2" coveredmethods="2"/>
        <line num="24" count="20" type="stmt"/>
        <line num="25" count="20" type="stmt"/>
        <line num="85" count="3" type="stmt"/>
        <line num="99" count="1" type="stmt"/>
      </file>
    </package>
    <package name="src.components.Navbar">
      <metrics statements="8" coveredstatements="7" conditionals="12" coveredconditionals="12" methods="1" coveredmethods="1"/>
      <file name="NavBar.tsx" path="C:\Work\task\frontend-engineering-standard-arvxtq\src\components\Navbar\NavBar.tsx">
        <metrics statements="8" coveredstatements="7" conditionals="12" coveredconditionals="12" methods="1" coveredmethods="1"/>
        <line num="23" count="14" type="stmt"/>
        <line num="24" count="14" type="stmt"/>
        <line num="34" count="14" type="stmt"/>
        <line num="44" count="14" type="stmt"/>
        <line num="60" count="1" type="stmt"/>
        <line num="73" count="0" type="stmt"/>
        <line num="84" count="1" type="stmt"/>
        <line num="106" count="1" type="stmt"/>
      </file>
      <file name="Navbar.module.css" path="C:\Work\task\frontend-engineering-standard-arvxtq\src\components\Navbar\Navbar.module.css">
        <metrics statements="0" coveredstatements="0" conditionals="0" coveredconditionals="0" methods="0" coveredmethods="0"/>
      </file>
    </package>
    <package name="src.services">
      <metrics statements="3" coveredstatements="2" conditionals="6" coveredconditionals="0" methods="1" coveredmethods="0"/>
      <file name="commonLists.ts" path="C:\Work\task\frontend-engineering-standard-arvxtq\src\services\commonLists.ts">
        <metrics statements="2" coveredstatements="2" conditionals="0" coveredconditionals="0" methods="0" coveredmethods="0"/>
        <line num="6" count="1" type="stmt"/>
        <line num="25" count="1" type="stmt"/>
      </file>
      <file name="transformer.ts" path="C:\Work\task\frontend-engineering-standard-arvxtq\src\services\transformer.ts">
        <metrics statements="1" coveredstatements="0" conditionals="6" coveredconditionals="0" methods="1" coveredmethods="0"/>
        <line num="4" count="0" type="stmt"/>
      </file>
    </package>
  </project>
</coverage>
