{"C:\\Work\\task\\frontend-engineering-standard-arvxtq\\src\\App.css": {"path":"C:\\Work\\task\\frontend-engineering-standard-arvxtq\\src\\App.css","statementMap":{},"fnMap":{},"branchMap":{},"s":{},"f":{},"b":{},"meta":{"lastBranch":0,"lastFunction":0,"lastStatement":0,"seen":{}}}
,"C:\\Work\\task\\frontend-engineering-standard-arvxtq\\src\\App.tsx": {"path":"C:\\Work\\task\\frontend-engineering-standard-arvxtq\\src\\App.tsx","statementMap":{"0":{"start":{"line":11,"column":6},"end":{"line":11,"column":null}},"1":{"start":{"line":11,"column":31},"end":{"line":11,"column":null}},"2":{"start":{"line":12,"column":6},"end":{"line":12,"column":null}},"3":{"start":{"line":12,"column":24},"end":{"line":12,"column":null}},"4":{"start":{"line":15,"column":25},"end":{"line":15,"column":53}},"5":{"start":{"line":16,"column":22},"end":{"line":16,"column":55}},"6":{"start":{"line":17,"column":23},"end":{"line":17,"column":54}},"7":{"start":{"line":18,"column":19},"end":{"line":18,"column":47}},"8":{"start":{"line":20,"column":4},"end":{"line":20,"column":null}},"9":{"start":{"line":23,"column":8},"end":{"line":25,"column":8}},"10":{"start":{"line":24,"column":4},"end":{"line":24,"column":null}},"11":{"start":{"line":24,"column":26},"end":{"line":24,"column":null}},"12":{"start":{"line":26,"column":8},"end":{"line":28,"column":8}},"13":{"start":{"line":27,"column":4},"end":{"line":27,"column":null}},"14":{"start":{"line":27,"column":32},"end":{"line":27,"column":41}},"15":{"start":{"line":29,"column":2},"end":{"line":64,"column":null}},"16":{"start":{"line":38,"column":44},"end":{"line":38,"column":null}},"17":{"start":{"line":58,"column":30},"end":{"line":58,"column":null}}},"fnMap":{"0":{"name":"(anonymous_0)","decl":{"start":{"line":11,"column":20},"end":{"line":11,"column":31}},"loc":{"start":{"line":11,"column":31},"end":{"line":11,"column":null}},"line":11},"1":{"name":"(anonymous_1)","decl":{"start":{"line":12,"column":13},"end":{"line":12,"column":24}},"loc":{"start":{"line":12,"column":24},"end":{"line":12,"column":null}},"line":12},"2":{"name":"(anonymous_2)","decl":{"start":{"line":23,"column":17},"end":{"line":23,"column":35}},"loc":{"start":{"line":23,"column":35},"end":{"line":25,"column":7}},"line":23},"3":{"name":"(anonymous_3)","decl":{"start":{"line":26,"column":24},"end":{"line":26,"column":42}},"loc":{"start":{"line":26,"column":42},"end":{"line":28,"column":7}},"line":26},"4":{"name":"(anonymous_4)","decl":{"start":{"line":27,"column":4},"end":{"line":27,"column":20}},"loc":{"start":{"line":27,"column":32},"end":{"line":27,"column":41}},"line":27},"5":{"name":"(anonymous_5)","decl":{"start":{"line":38,"column":12},"end":{"line":38,"column":29}},"loc":{"start":{"line":38,"column":44},"end":{"line":38,"column":null}},"line":38},"6":{"name":"(anonymous_6)","decl":{"start":{"line":58,"column":17},"end":{"line":58,"column":30}},"loc":{"start":{"line":58,"column":30},"end":{"line":58,"column":null}},"line":58}},"branchMap":{"0":{"loc":{"start":{"line":24,"column":4},"end":{"line":24,"column":null}},"type":"if","locations":[{"start":{"line":24,"column":4},"end":{"line":24,"column":null}},{"start":{},"end":{}}],"line":24}},"s":{"0":1,"1":1,"2":1,"3":1,"4":33,"5":33,"6":33,"7":33,"8":1,"9":33,"10":2,"11":1,"12":33,"13":4,"14":4,"15":33,"16":16,"17":0},"f":{"0":1,"1":1,"2":2,"3":4,"4":4,"5":16,"6":0},"b":{"0":[1,1]},"meta":{"lastBranch":1,"lastFunction":7,"lastStatement":18,"seen":{"s:11:6:11:Infinity":0,"f:11:20:11:31":0,"s:11:31:11:Infinity":1,"s:12:6:12:Infinity":2,"f:12:13:12:24":1,"s:12:24:12:Infinity":3,"s:15:25:15:53":4,"s:16:22:16:55":5,"s:17:23:17:54":6,"s:18:19:18:47":7,"s:20:4:20:Infinity":8,"s:23:8:25:8":9,"f:23:17:23:35":2,"b:24:4:24:Infinity:undefined:undefined:undefined:undefined":0,"s:24:4:24:Infinity":10,"s:24:26:24:Infinity":11,"s:26:8:28:8":12,"f:26:24:26:42":3,"s:27:4:27:Infinity":13,"f:27:4:27:20":4,"s:27:32:27:41":14,"s:29:2:64:Infinity":15,"f:38:12:38:29":5,"s:38:44:38:Infinity":16,"f:58:17:58:30":6,"s:58:30:58:Infinity":17}}}
,"C:\\Work\\task\\frontend-engineering-standard-arvxtq\\src\\components\\Home\\Home.tsx": {"path":"C:\\Work\\task\\frontend-engineering-standard-arvxtq\\src\\components\\Home\\Home.tsx","statementMap":{"0":{"start":{"line":18,"column":24},"end":{"line":18,"column":77}},"1":{"start":{"line":19,"column":23},"end":{"line":19,"column":73}},"2":{"start":{"line":20,"column":23},"end":{"line":23,"column":4}},"3":{"start":{"line":25,"column":8},"end":{"line":32,"column":26}},"4":{"start":{"line":26,"column":4},"end":{"line":26,"column":null}},"5":{"start":{"line":26,"column":23},"end":{"line":26,"column":null}},"6":{"start":{"line":27,"column":14},"end":{"line":27,"column":47}},"7":{"start":{"line":28,"column":4},"end":{"line":31,"column":null}},"8":{"start":{"line":30,"column":8},"end":{"line":30,"column":79}},"9":{"start":{"line":34,"column":21},"end":{"line":40,"column":null}},"10":{"start":{"line":42,"column":28},"end":{"line":49,"column":null}},"11":{"start":{"line":52,"column":28},"end":{"line":59,"column":null}},"12":{"start":{"line":61,"column":2},"end":{"line":132,"column":null}},"13":{"start":{"line":64,"column":48},"end":{"line":64,"column":74}},"14":{"start":{"line":71,"column":12},"end":{"line":71,"column":null}},"15":{"start":{"line":74,"column":50},"end":{"line":74,"column":76}},"16":{"start":{"line":92,"column":44},"end":{"line":92,"column":null}},"17":{"start":{"line":103,"column":49},"end":{"line":103,"column":51}},"18":{"start":{"line":104,"column":14},"end":{"line":111,"column":null}},"19":{"start":{"line":122,"column":14},"end":{"line":128,"column":null}}},"fnMap":{"0":{"name":"(anonymous_0)","decl":{"start":{"line":25,"column":22},"end":{"line":25,"column":36}},"loc":{"start":{"line":25,"column":36},"end":{"line":32,"column":6}},"line":25},"1":{"name":"(anonymous_1)","decl":{"start":{"line":28,"column":17},"end":{"line":28,"column":null}},"loc":{"start":{"line":30,"column":8},"end":{"line":30,"column":79}},"line":30},"2":{"name":"(anonymous_2)","decl":{"start":{"line":64,"column":17},"end":{"line":64,"column":35}},"loc":{"start":{"line":64,"column":48},"end":{"line":64,"column":74}},"line":64},"3":{"name":"(anonymous_3)","decl":{"start":{"line":74,"column":19},"end":{"line":74,"column":37}},"loc":{"start":{"line":74,"column":50},"end":{"line":74,"column":76}},"line":74},"4":{"name":"(anonymous_4)","decl":{"start":{"line":92,"column":12},"end":{"line":92,"column":32}},"loc":{"start":{"line":92,"column":44},"end":{"line":92,"column":null}},"line":92},"5":{"name":"(anonymous_5)","decl":{"start":{"line":103,"column":37},"end":{"line":103,"column":40}},"loc":{"start":{"line":103,"column":49},"end":{"line":103,"column":51}},"line":103},"6":{"name":"(anonymous_6)","decl":{"start":{"line":103,"column":52},"end":{"line":103,"column":57}},"loc":{"start":{"line":103,"column":70},"end":{"line":113,"column":null}},"line":103},"7":{"name":"(anonymous_7)","decl":{"start":{"line":121,"column":24},"end":{"line":121,"column":29}},"loc":{"start":{"line":122,"column":14},"end":{"line":128,"column":null}},"line":122}},"branchMap":{"0":{"loc":{"start":{"line":26,"column":4},"end":{"line":26,"column":null}},"type":"if","locations":[{"start":{"line":26,"column":4},"end":{"line":26,"column":null}},{"start":{},"end":{}}],"line":26},"1":{"loc":{"start":{"line":30,"column":8},"end":{"line":30,"column":79}},"type":"binary-expr","locations":[{"start":{"line":30,"column":8},"end":{"line":30,"column":41}},{"start":{"line":30,"column":45},"end":{"line":30,"column":79}}],"line":30},"2":{"loc":{"start":{"line":102,"column":11},"end":{"line":113,"column":null}},"type":"binary-expr","locations":[{"start":{"line":102,"column":11},"end":{"line":102,"column":null}},{"start":{"line":103,"column":12},"end":{"line":113,"column":null}}],"line":102},"3":{"loc":{"start":{"line":114,"column":11},"end":{"line":114,"column":null}},"type":"binary-expr","locations":[{"start":{"line":114,"column":11},"end":{"line":114,"column":25}},{"start":{"line":114,"column":25},"end":{"line":114,"column":34}},{"start":{"line":114,"column":34},"end":{"line":114,"column":null}}],"line":114},"4":{"loc":{"start":{"line":115,"column":11},"end":{"line":116,"column":null}},"type":"binary-expr","locations":[{"start":{"line":115,"column":11},"end":{"line":115,"column":25}},{"start":{"line":115,"column":25},"end":{"line":115,"column":null}},{"start":{"line":116,"column":12},"end":{"line":116,"column":null}}],"line":115},"5":{"loc":{"start":{"line":119,"column":11},"end":{"line":128,"column":null}},"type":"binary-expr","locations":[{"start":{"line":119,"column":11},"end":{"line":119,"column":null}},{"start":{"line":120,"column":12},"end":{"line":120,"column":null}},{"start":{"line":121,"column":12},"end":{"line":128,"column":null}}],"line":119}},"s":{"0":11,"1":11,"2":11,"3":11,"4":11,"5":9,"6":2,"7":2,"8":6,"9":11,"10":11,"11":11,"12":11,"13":0,"14":0,"15":0,"16":0,"17":12,"18":12,"19":20},"f":{"0":11,"1":6,"2":0,"3":0,"4":0,"5":12,"6":12,"7":20},"b":{"0":[9,2],"1":[6,4],"2":[11,1],"3":[11,10,1],"4":[11,10,1],"5":[11,10,9]},"meta":{"lastBranch":6,"lastFunction":8,"lastStatement":20,"seen":{"s:18:24:18:77":0,"s:19:23:19:73":1,"s:20:23:23:4":2,"s:25:8:32:26":3,"f:25:22:25:36":0,"b:26:4:26:Infinity:undefined:undefined:undefined:undefined":0,"s:26:4:26:Infinity":4,"s:26:23:26:Infinity":5,"s:27:14:27:47":6,"s:28:4:31:Infinity":7,"f:28:17:28:Infinity":1,"s:30:8:30:79":8,"b:30:8:30:41:30:45:30:79":1,"s:34:21:40:Infinity":9,"s:42:28:49:Infinity":10,"s:52:28:59:Infinity":11,"s:61:2:132:Infinity":12,"f:64:17:64:35":2,"s:64:48:64:74":13,"s:71:12:71:Infinity":14,"f:74:19:74:37":3,"s:74:50:74:76":15,"f:92:12:92:32":4,"s:92:44:92:Infinity":16,"b:102:11:102:Infinity:103:12:113:Infinity":2,"f:103:37:103:40":5,"s:103:49:103:51":17,"f:103:52:103:57":6,"s:104:14:111:Infinity":18,"b:114:11:114:25:114:25:114:34:114:34:114:Infinity":3,"b:115:11:115:25:115:25:115:Infinity:116:12:116:Infinity":4,"b:119:11:119:Infinity:120:12:120:Infinity:121:12:128:Infinity":5,"f:121:24:121:29":7,"s:122:14:128:Infinity":19}}}
,"C:\\Work\\task\\frontend-engineering-standard-arvxtq\\src\\components\\ImageCard\\ImageCard.tsx": {"path":"C:\\Work\\task\\frontend-engineering-standard-arvxtq\\src\\components\\ImageCard\\ImageCard.tsx","statementMap":{"0":{"start":{"line":24,"column":22},"end":{"line":24,"column":64}},"1":{"start":{"line":25,"column":2},"end":{"line":106,"column":null}},"2":{"start":{"line":85,"column":27},"end":{"line":85,"column":55}},"3":{"start":{"line":99,"column":14},"end":{"line":99,"column":72}}},"fnMap":{"0":{"name":"(anonymous_0)","decl":{"start":{"line":85,"column":12},"end":{"line":85,"column":27}},"loc":{"start":{"line":85,"column":27},"end":{"line":85,"column":55}},"line":85},"1":{"name":"(anonymous_1)","decl":{"start":{"line":98,"column":12},"end":{"line":98,"column":null}},"loc":{"start":{"line":99,"column":14},"end":{"line":99,"column":72}},"line":99}},"branchMap":{},"s":{"0":20,"1":20,"2":3,"3":1},"f":{"0":3,"1":1},"b":{},"meta":{"lastBranch":0,"lastFunction":2,"lastStatement":4,"seen":{"s:24:22:24:64":0,"s:25:2:106:Infinity":1,"f:85:12:85:27":0,"s:85:27:85:55":2,"f:98:12:98:Infinity":1,"s:99:14:99:72":3}}}
,"C:\\Work\\task\\frontend-engineering-standard-arvxtq\\src\\components\\Navbar\\NavBar.tsx": {"path":"C:\\Work\\task\\frontend-engineering-standard-arvxtq\\src\\components\\Navbar\\NavBar.tsx","statementMap":{"0":{"start":{"line":23,"column":9},"end":{"line":23,"column":34}},"1":{"start":{"line":24,"column":23},"end":{"line":33,"column":null}},"2":{"start":{"line":34,"column":23},"end":{"line":43,"column":null}},"3":{"start":{"line":44,"column":2},"end":{"line":123,"column":null}},"4":{"start":{"line":60,"column":20},"end":{"line":60,"column":null}},"5":{"start":{"line":73,"column":20},"end":{"line":73,"column":null}},"6":{"start":{"line":84,"column":45},"end":{"line":84,"column":60}},"7":{"start":{"line":106,"column":16},"end":{"line":106,"column":null}}},"fnMap":{"0":{"name":"(anonymous_0)","decl":{"start":{"line":84,"column":30},"end":{"line":84,"column":45}},"loc":{"start":{"line":84,"column":45},"end":{"line":84,"column":60}},"line":84}},"branchMap":{"0":{"loc":{"start":{"line":56,"column":15},"end":{"line":67,"column":null}},"type":"binary-expr","locations":[{"start":{"line":56,"column":15},"end":{"line":56,"column":null}},{"start":{"line":57,"column":16},"end":{"line":67,"column":null}}],"line":56},"1":{"loc":{"start":{"line":69,"column":15},"end":{"line":80,"column":null}},"type":"binary-expr","locations":[{"start":{"line":69,"column":15},"end":{"line":69,"column":null}},{"start":{"line":70,"column":16},"end":{"line":80,"column":null}}],"line":69},"2":{"loc":{"start":{"line":82,"column":15},"end":{"line":87,"column":null}},"type":"binary-expr","locations":[{"start":{"line":82,"column":15},"end":{"line":82,"column":null}},{"start":{"line":83,"column":16},"end":{"line":87,"column":null}}],"line":82},"3":{"loc":{"start":{"line":98,"column":13},"end":{"line":101,"column":null}},"type":"binary-expr","locations":[{"start":{"line":98,"column":13},"end":{"line":98,"column":null}},{"start":{"line":99,"column":14},"end":{"line":101,"column":null}}],"line":98},"4":{"loc":{"start":{"line":109,"column":15},"end":{"line":112,"column":null}},"type":"binary-expr","locations":[{"start":{"line":109,"column":15},"end":{"line":109,"column":null}},{"start":{"line":110,"column":16},"end":{"line":112,"column":null}}],"line":109},"5":{"loc":{"start":{"line":114,"column":15},"end":{"line":117,"column":null}},"type":"binary-expr","locations":[{"start":{"line":114,"column":15},"end":{"line":114,"column":null}},{"start":{"line":115,"column":16},"end":{"line":117,"column":null}}],"line":114}},"s":{"0":14,"1":14,"2":14,"3":14,"4":1,"5":0,"6":1,"7":1},"f":{"0":1},"b":{"0":[14,12],"1":[14,2],"2":[14,12],"3":[14,10],"4":[14,12],"5":[14,2]},"meta":{"lastBranch":6,"lastFunction":1,"lastStatement":8,"seen":{"s:23:9:23:34":0,"s:24:23:33:Infinity":1,"s:34:23:43:Infinity":2,"s:44:2:123:Infinity":3,"b:56:15:56:Infinity:57:16:67:Infinity":0,"s:60:20:60:Infinity":4,"b:69:15:69:Infinity:70:16:80:Infinity":1,"s:73:20:73:Infinity":5,"b:82:15:82:Infinity:83:16:87:Infinity":2,"f:84:30:84:45":0,"s:84:45:84:60":6,"b:98:13:98:Infinity:99:14:101:Infinity":3,"s:106:16:106:Infinity":7,"b:109:15:109:Infinity:110:16:112:Infinity":4,"b:114:15:114:Infinity:115:16:117:Infinity":5}}}
,"C:\\Work\\task\\frontend-engineering-standard-arvxtq\\src\\components\\Navbar\\Navbar.module.css": {"path":"C:\\Work\\task\\frontend-engineering-standard-arvxtq\\src\\components\\Navbar\\Navbar.module.css","statementMap":{},"fnMap":{},"branchMap":{},"s":{},"f":{},"b":{},"meta":{"lastBranch":0,"lastFunction":0,"lastStatement":0,"seen":{}}}
,"C:\\Work\\task\\frontend-engineering-standard-arvxtq\\src\\services\\commonLists.ts": {"path":"C:\\Work\\task\\frontend-engineering-standard-arvxtq\\src\\services\\commonLists.ts","statementMap":{"0":{"start":{"line":6,"column":25},"end":{"line":23,"column":null}},"1":{"start":{"line":25,"column":26},"end":{"line":35,"column":null}}},"fnMap":{},"branchMap":{},"s":{"0":1,"1":1},"f":{},"b":{},"meta":{"lastBranch":0,"lastFunction":0,"lastStatement":2,"seen":{"s:6:25:23:Infinity":0,"s:25:26:35:Infinity":1}}}
,"C:\\Work\\task\\frontend-engineering-standard-arvxtq\\src\\services\\transformer.ts": {"path":"C:\\Work\\task\\frontend-engineering-standard-arvxtq\\src\\services\\transformer.ts","statementMap":{"0":{"start":{"line":4,"column":2},"end":{"line":18,"column":null}},"1":{"start":{"line":4,"column":30},"end":{"line":18,"column":5}}},"fnMap":{"0":{"name":"(anonymous_0)","decl":{"start":{"line":4,"column":15},"end":{"line":4,"column":20}},"loc":{"start":{"line":4,"column":30},"end":{"line":18,"column":5}},"line":4}},"branchMap":{"0":{"loc":{"start":{"line":9,"column":11},"end":{"line":9,"column":null}},"type":"cond-expr","locations":[{"start":{"line":9,"column":37},"end":{"line":9,"column":62}},{"start":{"line":9,"column":62},"end":{"line":9,"column":null}}],"line":9},"1":{"loc":{"start":{"line":10,"column":14},"end":{"line":12,"column":null}},"type":"cond-expr","locations":[{"start":{"line":11,"column":8},"end":{"line":11,"column":null}},{"start":{"line":12,"column":8},"end":{"line":12,"column":null}}],"line":10},"2":{"loc":{"start":{"line":13,"column":9},"end":{"line":15,"column":null}},"type":"cond-expr","locations":[{"start":{"line":14,"column":8},"end":{"line":14,"column":null}},{"start":{"line":15,"column":8},"end":{"line":15,"column":null}}],"line":13}},"s":{"0":0,"1":0},"f":{"0":0},"b":{"0":[0,0],"1":[0,0],"2":[0,0]},"meta":{"lastBranch":3,"lastFunction":1,"lastStatement":2,"seen":{"s:4:2:18:Infinity":0,"f:4:15:4:20":0,"s:4:30:18:5":1,"b:9:37:9:62:9:62:9:Infinity":0,"b:11:8:11:Infinity:12:8:12:Infinity":1,"b:14:8:14:Infinity:15:8:15:Infinity":2}}}
}
